2023-06-21 15:16:51,713:INFO:PyCaret Supervised Module
2023-06-21 15:16:51,713:INFO:ML Usecase: regression
2023-06-21 15:16:51,714:INFO:version 2.2.3
2023-06-21 15:16:51,714:INFO:Initializing setup()
2023-06-21 15:16:51,714:INFO:setup(target=price, ml_usecase=regression, available_plots={'parameter': 'Hyperparameters', 'residuals': 'Residuals', 'error': 'Prediction Error', 'cooks': 'Cooks Distance', 'rfe': 'Feature Selection', 'learning': 'Learning Curve', 'manifold': 'Manifold Learning', 'vc': 'Validation Curve', 'feature': 'Feature Importance', 'feature_all': 'Feature Importance (All)', 'tree': 'Decision Tree'}, train_size=0.7, test_data=None, preprocess=True, imputation_type=simple, iterative_imputation_iters=5, categorical_features=None, categorical_imputation=constant, categorical_iterative_imputer=lightgbm, ordinal_features=None, high_cardinality_features=None, high_cardinality_method=frequency, numeric_features=None, numeric_imputation=mean, numeric_iterative_imputer=lightgbm, date_features=None, ignore_features=None, normalize=False, normalize_method=zscore, transformation=False, transformation_method=yeo-johnson, handle_unknown_categorical=True, unknown_categorical_method=least_frequent, pca=False, pca_method=linear, pca_components=None, ignore_low_variance=False, combine_rare_levels=False, rare_level_threshold=0.1, bin_numeric_features=None, remove_outliers=False, outliers_threshold=0.05, remove_multicollinearity=False, multicollinearity_threshold=0.9, remove_perfect_collinearity=True, create_clusters=False, cluster_iter=20, polynomial_features=False, polynomial_degree=2, trigonometry_features=False, polynomial_threshold=0.1, group_features=None, group_names=None, feature_selection=False, feature_selection_threshold=0.8, feature_selection_method=classic, feature_interaction=False, feature_ratio=False, interaction_threshold=0.01, fix_imbalance=False, fix_imbalance_method=None, transform_target=False, transform_target_method=box-cox, data_split_shuffle=True, data_split_stratify=False, fold_strategy=kfold, fold=10, fold_shuffle=False, fold_groups=None, n_jobs=-1, use_gpu=False, custom_pipeline=None, html=True, session_id=None, log_experiment=False, experiment_name=None, log_plots=False, log_profile=False, log_data=False, silent=False, verbose=True, profile=False, profile_kwargs=None, display=None)
2023-06-21 15:16:51,714:INFO:Checking environment
2023-06-21 15:16:51,715:INFO:python_version: 3.9.7
2023-06-21 15:16:51,715:INFO:python_build: ('default', 'Sep 16 2021 16:59:28')
2023-06-21 15:16:51,715:INFO:machine: AMD64
2023-06-21 15:16:51,715:INFO:platform: Windows-10-10.0.19045-SP0
2023-06-21 15:16:51,715:INFO:Memory: svmem(total=34274177024, available=20441452544, percent=40.4, used=13832724480, free=20441452544)
2023-06-21 15:16:51,715:INFO:Physical Core: 8
2023-06-21 15:16:51,716:INFO:Logical Core: 16
2023-06-21 15:16:51,716:INFO:Checking libraries
2023-06-21 15:16:51,716:INFO:pd==1.5.2
2023-06-21 15:16:51,716:INFO:numpy==1.23.5
2023-06-21 15:16:51,716:INFO:sklearn==1.2.1
2023-06-21 15:16:51,744:INFO:xgboost==1.7.4
2023-06-21 15:16:51,744:INFO:lightgbm==3.3.5
2023-06-21 15:16:51,772:INFO:catboost==1.0.4
2023-06-21 15:16:52,202:INFO:mlflow==1.26.1
2023-06-21 15:16:52,203:INFO:Checking Exceptions
2023-06-21 15:16:52,203:INFO:Declaring global variables
2023-06-21 15:16:52,203:INFO:USI: 224f
2023-06-21 15:16:52,203:INFO:pycaret_globals: {'imputation_classifier', '_internal_pipeline', 'html_param', 'fold_shuffle_param', 'fix_imbalance_param', '_all_metrics', 'exp_name_log', 'create_model_container', 'data_before_preprocess', 'fold_groups_param', 'X_test', 'transform_target_param', 'log_plots_param', 'X', 'stratify_param', 'fold_param', 'X_train', '_gpu_n_jobs_param', 'imputation_regressor', 'logging_param', 'y_train', 'gpu_param', 'fix_imbalance_method_param', 'n_jobs_param', 'fold_generator', 'master_model_container', 'display_container', 'experiment__', '_all_models', 'target_param', '_all_models_internal', '_available_plots', 'y', 'pycaret_globals', 'USI', 'transform_target_method_param', 'prep_pipe', 'seed', '_ml_usecase', 'y_test', 'iterative_imputation_iters_param'}
2023-06-21 15:16:52,203:INFO:Preparing display monitor
2023-06-21 15:16:52,203:INFO:Preparing display monitor
2023-06-21 15:16:52,211:INFO:Importing libraries
2023-06-21 15:16:52,211:INFO:Copying data for preprocessing
2023-06-21 15:16:52,218:INFO:Declaring preprocessing parameters
2023-06-21 15:16:52,222:INFO:Creating preprocessing pipeline
2023-06-21 15:16:52,226:INFO:Preprocessing pipeline created successfully
2023-06-21 15:16:52,227:ERROR:(Process Exit): setup has been interupted with user command 'quit'. setup must rerun.
2023-06-21 15:16:52,227:INFO:Creating global containers
2023-06-21 15:17:34,725:INFO:PyCaret Supervised Module
2023-06-21 15:17:34,725:INFO:ML Usecase: regression
2023-06-21 15:17:34,725:INFO:version 2.2.3
2023-06-21 15:17:34,725:INFO:Initializing setup()
2023-06-21 15:17:34,725:INFO:setup(target=price, ml_usecase=regression, available_plots={'parameter': 'Hyperparameters', 'residuals': 'Residuals', 'error': 'Prediction Error', 'cooks': 'Cooks Distance', 'rfe': 'Feature Selection', 'learning': 'Learning Curve', 'manifold': 'Manifold Learning', 'vc': 'Validation Curve', 'feature': 'Feature Importance', 'feature_all': 'Feature Importance (All)', 'tree': 'Decision Tree'}, train_size=0.7, test_data=None, preprocess=True, imputation_type=simple, iterative_imputation_iters=5, categorical_features=None, categorical_imputation=constant, categorical_iterative_imputer=lightgbm, ordinal_features=None, high_cardinality_features=None, high_cardinality_method=frequency, numeric_features=None, numeric_imputation=mean, numeric_iterative_imputer=lightgbm, date_features=None, ignore_features=None, normalize=False, normalize_method=zscore, transformation=False, transformation_method=yeo-johnson, handle_unknown_categorical=True, unknown_categorical_method=least_frequent, pca=False, pca_method=linear, pca_components=None, ignore_low_variance=False, combine_rare_levels=False, rare_level_threshold=0.1, bin_numeric_features=None, remove_outliers=False, outliers_threshold=0.05, remove_multicollinearity=False, multicollinearity_threshold=0.9, remove_perfect_collinearity=True, create_clusters=False, cluster_iter=20, polynomial_features=False, polynomial_degree=2, trigonometry_features=False, polynomial_threshold=0.1, group_features=None, group_names=None, feature_selection=False, feature_selection_threshold=0.8, feature_selection_method=classic, feature_interaction=False, feature_ratio=False, interaction_threshold=0.01, fix_imbalance=False, fix_imbalance_method=None, transform_target=False, transform_target_method=box-cox, data_split_shuffle=True, data_split_stratify=False, fold_strategy=kfold, fold=10, fold_shuffle=True, fold_groups=None, n_jobs=-1, use_gpu=False, custom_pipeline=None, html=True, session_id=2, log_experiment=False, experiment_name=None, log_plots=False, log_profile=False, log_data=False, silent=False, verbose=True, profile=False, profile_kwargs=None, display=None)
2023-06-21 15:17:34,725:INFO:Checking environment
2023-06-21 15:17:34,725:INFO:python_version: 3.9.7
2023-06-21 15:17:34,725:INFO:python_build: ('default', 'Sep 16 2021 16:59:28')
2023-06-21 15:17:34,725:INFO:machine: AMD64
2023-06-21 15:17:34,725:INFO:platform: Windows-10-10.0.19045-SP0
2023-06-21 15:17:34,725:INFO:Memory: svmem(total=34274177024, available=20346580992, percent=40.6, used=13927596032, free=20346580992)
2023-06-21 15:17:34,725:INFO:Physical Core: 8
2023-06-21 15:17:34,725:INFO:Logical Core: 16
2023-06-21 15:17:34,725:INFO:Checking libraries
2023-06-21 15:17:34,726:INFO:pd==1.5.2
2023-06-21 15:17:34,726:INFO:numpy==1.23.5
2023-06-21 15:17:34,726:INFO:sklearn==1.2.1
2023-06-21 15:17:34,726:INFO:xgboost==1.7.4
2023-06-21 15:17:34,726:INFO:lightgbm==3.3.5
2023-06-21 15:17:34,726:INFO:catboost==1.0.4
2023-06-21 15:17:34,726:INFO:mlflow==1.26.1
2023-06-21 15:17:34,726:INFO:Checking Exceptions
2023-06-21 15:17:34,726:INFO:Declaring global variables
2023-06-21 15:17:34,726:INFO:USI: 92da
2023-06-21 15:17:34,726:INFO:pycaret_globals: {'imputation_classifier', '_internal_pipeline', 'html_param', 'fold_shuffle_param', 'fix_imbalance_param', '_all_metrics', 'exp_name_log', 'create_model_container', 'data_before_preprocess', 'fold_groups_param', 'X_test', 'transform_target_param', 'log_plots_param', 'X', 'stratify_param', 'fold_param', 'X_train', '_gpu_n_jobs_param', 'imputation_regressor', 'logging_param', 'y_train', 'gpu_param', 'fix_imbalance_method_param', 'n_jobs_param', 'fold_generator', 'master_model_container', 'display_container', 'experiment__', '_all_models', 'target_param', '_all_models_internal', '_available_plots', 'y', 'pycaret_globals', 'USI', 'transform_target_method_param', 'prep_pipe', 'seed', '_ml_usecase', 'y_test', 'iterative_imputation_iters_param'}
2023-06-21 15:17:34,726:INFO:Preparing display monitor
2023-06-21 15:17:34,726:INFO:Preparing display monitor
2023-06-21 15:17:34,733:INFO:Importing libraries
2023-06-21 15:17:34,734:INFO:Copying data for preprocessing
2023-06-21 15:17:34,741:INFO:Declaring preprocessing parameters
2023-06-21 15:17:34,744:INFO:Creating preprocessing pipeline
2023-06-21 15:17:34,748:INFO:Preprocessing pipeline created successfully
2023-06-21 15:17:34,748:ERROR:(Process Exit): setup has been interupted with user command 'quit'. setup must rerun.
2023-06-21 15:17:34,749:INFO:Creating global containers
2023-06-21 15:17:34,751:INFO:Internal pipeline: Pipeline(memory=None, steps=[('empty_step', 'passthrough')], verbose=False)
2023-06-21 15:18:54,888:INFO:PyCaret Supervised Module
2023-06-21 15:18:54,888:INFO:ML Usecase: regression
2023-06-21 15:18:54,888:INFO:version 2.2.3
2023-06-21 15:18:54,888:INFO:Initializing setup()
2023-06-21 15:18:54,888:INFO:setup(target=price, ml_usecase=regression, available_plots={'parameter': 'Hyperparameters', 'residuals': 'Residuals', 'error': 'Prediction Error', 'cooks': 'Cooks Distance', 'rfe': 'Feature Selection', 'learning': 'Learning Curve', 'manifold': 'Manifold Learning', 'vc': 'Validation Curve', 'feature': 'Feature Importance', 'feature_all': 'Feature Importance (All)', 'tree': 'Decision Tree'}, train_size=0.7, test_data=None, preprocess=True, imputation_type=simple, iterative_imputation_iters=5, categorical_features=None, categorical_imputation=constant, categorical_iterative_imputer=lightgbm, ordinal_features=None, high_cardinality_features=None, high_cardinality_method=frequency, numeric_features=None, numeric_imputation=mean, numeric_iterative_imputer=lightgbm, date_features=None, ignore_features=None, normalize=False, normalize_method=zscore, transformation=False, transformation_method=yeo-johnson, handle_unknown_categorical=True, unknown_categorical_method=least_frequent, pca=False, pca_method=linear, pca_components=None, ignore_low_variance=False, combine_rare_levels=False, rare_level_threshold=0.1, bin_numeric_features=None, remove_outliers=False, outliers_threshold=0.05, remove_multicollinearity=False, multicollinearity_threshold=0.9, remove_perfect_collinearity=True, create_clusters=False, cluster_iter=20, polynomial_features=False, polynomial_degree=2, trigonometry_features=False, polynomial_threshold=0.1, group_features=None, group_names=None, feature_selection=False, feature_selection_threshold=0.8, feature_selection_method=classic, feature_interaction=False, feature_ratio=False, interaction_threshold=0.01, fix_imbalance=False, fix_imbalance_method=None, transform_target=False, transform_target_method=box-cox, data_split_shuffle=True, data_split_stratify=False, fold_strategy=kfold, fold=10, fold_shuffle=True, fold_groups=None, n_jobs=-1, use_gpu=False, custom_pipeline=None, html=True, session_id=2, log_experiment=False, experiment_name=None, log_plots=False, log_profile=False, log_data=False, silent=False, verbose=True, profile=False, profile_kwargs=None, display=None)
2023-06-21 15:18:54,888:INFO:Checking environment
2023-06-21 15:18:54,888:INFO:python_version: 3.9.7
2023-06-21 15:18:54,889:INFO:python_build: ('default', 'Sep 16 2021 16:59:28')
2023-06-21 15:18:54,889:INFO:machine: AMD64
2023-06-21 15:18:54,889:INFO:platform: Windows-10-10.0.19045-SP0
2023-06-21 15:18:54,889:INFO:Memory: svmem(total=34274177024, available=20368195584, percent=40.6, used=13905981440, free=20368195584)
2023-06-21 15:18:54,889:INFO:Physical Core: 8
2023-06-21 15:18:54,889:INFO:Logical Core: 16
2023-06-21 15:18:54,889:INFO:Checking libraries
2023-06-21 15:18:54,889:INFO:pd==1.5.2
2023-06-21 15:18:54,889:INFO:numpy==1.23.5
2023-06-21 15:18:54,889:INFO:sklearn==1.2.1
2023-06-21 15:18:54,922:INFO:xgboost==1.7.4
2023-06-21 15:18:54,922:INFO:lightgbm==3.3.5
2023-06-21 15:18:54,944:INFO:catboost==1.0.4
2023-06-21 15:18:55,447:INFO:mlflow==1.26.1
2023-06-21 15:18:55,448:INFO:Checking Exceptions
2023-06-21 15:18:55,448:INFO:Declaring global variables
2023-06-21 15:18:55,448:INFO:USI: 77b0
2023-06-21 15:18:55,448:INFO:pycaret_globals: {'html_param', 'log_plots_param', 'data_before_preprocess', 'prep_pipe', 'display_container', 'fold_param', '_available_plots', 'transform_target_method_param', 'imputation_regressor', '_all_metrics', 'imputation_classifier', 'pycaret_globals', 'gpu_param', 'seed', 'n_jobs_param', '_ml_usecase', 'fold_generator', 'fix_imbalance_method_param', '_internal_pipeline', 'fold_groups_param', 'y_test', 'iterative_imputation_iters_param', 'X_test', '_gpu_n_jobs_param', 'X_train', 'y', 'create_model_container', 'logging_param', '_all_models', '_all_models_internal', 'master_model_container', 'USI', 'X', 'target_param', 'fix_imbalance_param', 'y_train', 'stratify_param', 'fold_shuffle_param', 'transform_target_param', 'exp_name_log', 'experiment__'}
2023-06-21 15:18:55,448:INFO:Preparing display monitor
2023-06-21 15:18:55,448:INFO:Preparing display monitor
2023-06-21 15:18:55,457:INFO:Importing libraries
2023-06-21 15:18:55,457:INFO:Copying data for preprocessing
2023-06-21 15:18:55,465:INFO:Declaring preprocessing parameters
2023-06-21 15:18:55,468:INFO:Creating preprocessing pipeline
2023-06-21 15:18:55,473:INFO:Preprocessing pipeline created successfully
2023-06-21 15:18:55,473:ERROR:(Process Exit): setup has been interupted with user command 'quit'. setup must rerun.
2023-06-21 15:18:55,473:INFO:Creating global containers
2023-06-21 15:18:55,475:INFO:Internal pipeline: Pipeline(memory=None, steps=[('empty_step', 'passthrough')], verbose=False)
2023-06-21 15:24:12,583:INFO:PyCaret Supervised Module
2023-06-21 15:24:12,583:INFO:ML Usecase: regression
2023-06-21 15:24:12,583:INFO:version 2.2.3
2023-06-21 15:24:12,583:INFO:Initializing setup()
2023-06-21 15:24:12,583:INFO:setup(target=price, ml_usecase=regression, available_plots={'parameter': 'Hyperparameters', 'residuals': 'Residuals', 'error': 'Prediction Error', 'cooks': 'Cooks Distance', 'rfe': 'Feature Selection', 'learning': 'Learning Curve', 'manifold': 'Manifold Learning', 'vc': 'Validation Curve', 'feature': 'Feature Importance', 'feature_all': 'Feature Importance (All)', 'tree': 'Decision Tree'}, train_size=0.7, test_data=None, preprocess=True, imputation_type=simple, iterative_imputation_iters=5, categorical_features=None, categorical_imputation=constant, categorical_iterative_imputer=lightgbm, ordinal_features=None, high_cardinality_features=None, high_cardinality_method=frequency, numeric_features=None, numeric_imputation=mean, numeric_iterative_imputer=lightgbm, date_features=None, ignore_features=None, normalize=False, normalize_method=zscore, transformation=False, transformation_method=yeo-johnson, handle_unknown_categorical=True, unknown_categorical_method=least_frequent, pca=False, pca_method=linear, pca_components=None, ignore_low_variance=False, combine_rare_levels=False, rare_level_threshold=0.1, bin_numeric_features=None, remove_outliers=False, outliers_threshold=0.05, remove_multicollinearity=False, multicollinearity_threshold=0.9, remove_perfect_collinearity=True, create_clusters=False, cluster_iter=20, polynomial_features=False, polynomial_degree=2, trigonometry_features=False, polynomial_threshold=0.1, group_features=None, group_names=None, feature_selection=False, feature_selection_threshold=0.8, feature_selection_method=classic, feature_interaction=False, feature_ratio=False, interaction_threshold=0.01, fix_imbalance=False, fix_imbalance_method=None, transform_target=False, transform_target_method=box-cox, data_split_shuffle=True, data_split_stratify=False, fold_strategy=kfold, fold=10, fold_shuffle=True, fold_groups=None, n_jobs=-1, use_gpu=False, custom_pipeline=None, html=True, session_id=2, log_experiment=False, experiment_name=None, log_plots=False, log_profile=False, log_data=False, silent=False, verbose=True, profile=False, profile_kwargs=None, display=None)
2023-06-21 15:24:12,583:INFO:Checking environment
2023-06-21 15:24:12,583:INFO:python_version: 3.9.7
2023-06-21 15:24:12,583:INFO:python_build: ('default', 'Sep 16 2021 16:59:28')
2023-06-21 15:24:12,583:INFO:machine: AMD64
2023-06-21 15:24:12,583:INFO:platform: Windows-10-10.0.19045-SP0
2023-06-21 15:24:12,583:INFO:Memory: svmem(total=34274177024, available=19642073088, percent=42.7, used=14632103936, free=19642073088)
2023-06-21 15:24:12,583:INFO:Physical Core: 8
2023-06-21 15:24:12,584:INFO:Logical Core: 16
2023-06-21 15:24:12,584:INFO:Checking libraries
2023-06-21 15:24:12,584:INFO:pd==1.5.2
2023-06-21 15:24:12,584:INFO:numpy==1.23.5
2023-06-21 15:24:12,584:INFO:sklearn==1.2.1
2023-06-21 15:24:12,614:INFO:xgboost==1.7.4
2023-06-21 15:24:12,614:INFO:lightgbm==3.3.5
2023-06-21 15:24:12,630:INFO:catboost==1.0.4
2023-06-21 15:24:12,978:INFO:mlflow==1.26.1
2023-06-21 15:24:12,978:INFO:Checking Exceptions
2023-06-21 15:24:12,978:INFO:Declaring global variables
2023-06-21 15:24:12,978:INFO:USI: 3290
2023-06-21 15:24:12,978:INFO:pycaret_globals: {'exp_name_log', '_gpu_n_jobs_param', 'imputation_classifier', 'logging_param', 'prep_pipe', 'html_param', 'fold_groups_param', 'log_plots_param', '_all_models', 'experiment__', 'fix_imbalance_param', 'master_model_container', 'fix_imbalance_method_param', 'pycaret_globals', 'iterative_imputation_iters_param', 'stratify_param', 'transform_target_param', 'X_test', 'display_container', 'target_param', 'seed', 'imputation_regressor', 'gpu_param', 'fold_shuffle_param', 'transform_target_method_param', '_internal_pipeline', 'n_jobs_param', 'X', 'y', 'y_train', 'USI', 'fold_param', 'data_before_preprocess', 'y_test', '_all_models_internal', '_all_metrics', 'fold_generator', '_ml_usecase', '_available_plots', 'create_model_container', 'X_train'}
2023-06-21 15:24:12,978:INFO:Preparing display monitor
2023-06-21 15:24:12,978:INFO:Preparing display monitor
2023-06-21 15:24:12,984:INFO:Importing libraries
2023-06-21 15:24:12,984:INFO:Copying data for preprocessing
2023-06-21 15:24:12,991:INFO:Declaring preprocessing parameters
2023-06-21 15:24:12,994:INFO:Creating preprocessing pipeline
2023-06-21 15:24:12,999:INFO:Preprocessing pipeline created successfully
2023-06-21 15:24:12,999:ERROR:(Process Exit): setup has been interupted with user command 'quit'. setup must rerun.
2023-06-21 15:24:12,999:INFO:Creating global containers
2023-06-21 15:24:13,000:INFO:Internal pipeline: Pipeline(memory=None, steps=[('empty_step', 'passthrough')], verbose=False)
2023-06-21 16:03:33,540:INFO:Creating grid variables
2023-06-21 16:03:33,551:INFO:create_model_container: 0
2023-06-21 16:03:33,552:INFO:master_model_container: 0
2023-06-21 16:03:33,552:INFO:display_container: 1
2023-06-21 23:29:12,655:INFO:PyCaret Supervised Module
2023-06-21 23:29:12,655:INFO:ML Usecase: regression
2023-06-21 23:29:12,655:INFO:version 2.2.3
2023-06-21 23:29:12,655:INFO:Initializing setup()
2023-06-21 23:29:12,655:INFO:setup(target=price, ml_usecase=regression, available_plots={'parameter': 'Hyperparameters', 'residuals': 'Residuals', 'error': 'Prediction Error', 'cooks': 'Cooks Distance', 'rfe': 'Feature Selection', 'learning': 'Learning Curve', 'manifold': 'Manifold Learning', 'vc': 'Validation Curve', 'feature': 'Feature Importance', 'feature_all': 'Feature Importance (All)', 'tree': 'Decision Tree'}, train_size=0.7, test_data=None, preprocess=True, imputation_type=simple, iterative_imputation_iters=5, categorical_features=None, categorical_imputation=constant, categorical_iterative_imputer=lightgbm, ordinal_features=None, high_cardinality_features=None, high_cardinality_method=frequency, numeric_features=None, numeric_imputation=mean, numeric_iterative_imputer=lightgbm, date_features=None, ignore_features=None, normalize=False, normalize_method=zscore, transformation=False, transformation_method=yeo-johnson, handle_unknown_categorical=True, unknown_categorical_method=least_frequent, pca=False, pca_method=linear, pca_components=None, ignore_low_variance=False, combine_rare_levels=False, rare_level_threshold=0.1, bin_numeric_features=None, remove_outliers=False, outliers_threshold=0.05, remove_multicollinearity=False, multicollinearity_threshold=0.9, remove_perfect_collinearity=True, create_clusters=False, cluster_iter=20, polynomial_features=False, polynomial_degree=2, trigonometry_features=False, polynomial_threshold=0.1, group_features=None, group_names=None, feature_selection=False, feature_selection_threshold=0.8, feature_selection_method=classic, feature_interaction=False, feature_ratio=False, interaction_threshold=0.01, fix_imbalance=False, fix_imbalance_method=None, transform_target=False, transform_target_method=box-cox, data_split_shuffle=True, data_split_stratify=False, fold_strategy=kfold, fold=10, fold_shuffle=True, fold_groups=None, n_jobs=-1, use_gpu=False, custom_pipeline=None, html=True, session_id=2, log_experiment=False, experiment_name=None, log_plots=False, log_profile=False, log_data=False, silent=False, verbose=True, profile=False, profile_kwargs=None, display=None)
2023-06-21 23:29:12,655:INFO:Checking environment
2023-06-21 23:29:12,655:INFO:python_version: 3.9.7
2023-06-21 23:29:12,655:INFO:python_build: ('default', 'Sep 16 2021 16:59:28')
2023-06-21 23:29:12,655:INFO:machine: AMD64
2023-06-21 23:29:12,655:INFO:platform: Windows-10-10.0.19045-SP0
2023-06-21 23:29:12,655:INFO:Memory: svmem(total=34274177024, available=19799588864, percent=42.2, used=14474588160, free=19799588864)
2023-06-21 23:29:12,655:INFO:Physical Core: 8
2023-06-21 23:29:12,655:INFO:Logical Core: 16
2023-06-21 23:29:12,655:INFO:Checking libraries
2023-06-21 23:29:12,656:INFO:pd==1.5.2
2023-06-21 23:29:12,656:INFO:numpy==1.23.5
2023-06-21 23:29:12,656:INFO:sklearn==1.2.1
2023-06-21 23:29:12,683:INFO:xgboost==1.7.4
2023-06-21 23:29:12,683:INFO:lightgbm==3.3.5
2023-06-21 23:29:12,700:INFO:catboost==1.0.4
2023-06-21 23:29:13,134:INFO:mlflow==1.26.1
2023-06-21 23:29:13,134:INFO:Checking Exceptions
2023-06-21 23:29:13,134:INFO:Declaring global variables
2023-06-21 23:29:13,134:INFO:USI: 0378
2023-06-21 23:29:13,134:INFO:pycaret_globals: {'USI', 'stratify_param', 'imputation_classifier', 'prep_pipe', 'target_param', 'fold_generator', 'experiment__', '_all_metrics', 'imputation_regressor', 'transform_target_param', 'create_model_container', 'X_train', 'exp_name_log', 'display_container', '_available_plots', 'master_model_container', 'logging_param', 'log_plots_param', '_gpu_n_jobs_param', 'seed', 'fix_imbalance_method_param', 'gpu_param', 'fold_shuffle_param', '_internal_pipeline', 'y_test', 'fold_param', 'pycaret_globals', 'y_train', 'transform_target_method_param', 'html_param', '_all_models_internal', 'y', 'data_before_preprocess', 'fold_groups_param', 'X', '_all_models', 'n_jobs_param', 'fix_imbalance_param', 'X_test', 'iterative_imputation_iters_param', '_ml_usecase'}
2023-06-21 23:29:13,134:INFO:Preparing display monitor
2023-06-21 23:29:13,134:INFO:Preparing display monitor
2023-06-21 23:29:13,141:INFO:Importing libraries
2023-06-21 23:29:13,141:INFO:Copying data for preprocessing
2023-06-21 23:29:13,148:INFO:Declaring preprocessing parameters
2023-06-21 23:29:13,151:INFO:Creating preprocessing pipeline
2023-06-21 23:29:13,156:INFO:Preprocessing pipeline created successfully
2023-06-21 23:29:13,156:ERROR:(Process Exit): setup has been interupted with user command 'quit'. setup must rerun.
2023-06-21 23:29:13,156:INFO:Creating global containers
2023-06-21 23:29:13,158:INFO:Internal pipeline: Pipeline(memory=None, steps=[('empty_step', 'passthrough')], verbose=False)
2023-06-22 00:05:48,657:INFO:Creating grid variables
2023-06-22 00:05:48,671:INFO:create_model_container: 0
2023-06-22 00:05:48,671:INFO:master_model_container: 0
2023-06-22 00:05:48,672:INFO:display_container: 1
